#
# A fatal error has been detected by the Java Runtime Environment:
#
#  EXCEPTION_ACCESS_VIOLATION (0xc0000005) at pc=0x00007ffbb6abbf1b, pid=14868, tid=0x0000000000003af8
#
# JRE version: Java(TM) SE Runtime Environment (8.0_171-b11) (build 1.8.0_171-b11)
# Java VM: Java HotSpot(TM) 64-Bit Server VM (25.171-b11 mixed mode windows-amd64 compressed oops)
# Problematic frame:
# C  [ntdll.dll+0x4bf1b]
#
# Failed to write core dump. Minidumps are not enabled by default on client versions of Windows
#
# If you would like to submit a bug report, please visit:
#   http://bugreport.java.com/bugreport/crash.jsp
# The crash happened outside the Java Virtual Machine in native code.
# See problematic frame for where to report the bug.
#

---------------  T H R E A D  ---------------

Current thread (0x0000000021d32000):  JavaThread "Animation Thread" [_thread_in_native, id=15096, stack(0x0000000028250000,0x0000000028350000)]

siginfo: ExceptionCode=0xc0000005, writing address 0x0000000000000024

Registers:
RAX=0x0000000000000000, RBX=0x0000000003170c68, RCX=0x0000000003170c68, RDX=0xffffffffffffffff
RSP=0x000000002834ed50, RBP=0x000000002834edc0, RSI=0x0000000000000000, RDI=0x0000000000000000
R8 =0x0000000000000000, R9 =0x0000000000000000, R10=0x000000001e56cb68, R11=0x0000000021bc7c48
R12=0x0000000000000000, R13=0x0000000027f74e08, R14=0x0000000000000000, R15=0x0000000021d32000
RIP=0x00007ffbb6abbf1b, EFLAGS=0x0000000000010213

Top of Stack: (sp=0x000000002834ed50)
0x000000002834ed50:   ffffffffffffffff 0000000003170c68
0x000000002834ed60:   000000002834eff0 0000000027f74e08
0x000000002834ed70:   0000000000000000 0000000021d321f8
0x000000002834ed80:   000000002834ee78 0000000000f9a000
0x000000002834ed90:   000000002834eff0 0000000053499791
0x000000002834eda0:   0000000000000000 0000000027f74e08
0x000000002834edb0:   0000000000000000 0000000000000006
0x000000002834edc0:   0000000021d32000 0000000000000001
0x000000002834edd0:   0000000027f74e08 0000000000000000
0x000000002834ede0:   0000000000000000 0000000020ad4100
0x000000002834edf0:   0000000000000001 00007ffbb6a90ce9
0x000000002834ee00:   0000000027fbb000 0000000003170c68
0x000000002834ee10:   00000000fffffffa 0000000053557b75
0x000000002834ee20:   000000002834eff0 00007ffbb6a90c00
0x000000002834ee30:   000000002834eeb0 0000000000010001
0x000000002834ee40:   0000000020ad4120 0000000000000000 

Instructions: (pc=0x00007ffbb6abbf1b)
0x00007ffbb6abbefb:   0f 45 f6 48 39 73 18 0f 84 bb 01 00 00 48 83 3b
0x00007ffbb6abbf0b:   ff 0f 84 be 01 00 00 48 8b 03 48 83 f8 ff 74 03
0x00007ffbb6abbf1b:   ff 40 24 48 8b 7b 18 44 8b ee 48 89 7d c0 e8 02
0x00007ffbb6abbf2b:   ae fd ff 85 c0 0f 85 0c 17 07 00 b9 82 03 fe 7f 


Register to memory mapping:

RAX=0x0000000000000000 is an unknown value
RBX=0x0000000003170c68 is an unknown value
RCX=0x0000000003170c68 is an unknown value
RDX=0xffffffffffffffff is an unknown value
RSP=0x000000002834ed50 is pointing into the stack for thread: 0x0000000021d32000
RBP=0x000000002834edc0 is pointing into the stack for thread: 0x0000000021d32000
RSI=0x0000000000000000 is an unknown value
RDI=0x0000000000000000 is an unknown value
R8 =0x0000000000000000 is an unknown value
R9 =0x0000000000000000 is an unknown value
R10={method} {0x000000001e56cb70} 'addRecord' '(Ljava/lang/Object;JJ)V' in 'sun/java2d/Disposer'
R11=0x0000000021bc7c48 is an unknown value
R12=0x0000000000000000 is an unknown value
R13={method} {0x0000000027f74e10} 'initOps' '(III)V' in 'sun/java2d/d3d/D3DSurfaceData'
R14=0x0000000000000000 is an unknown value
R15=0x0000000021d32000 is a thread


Stack: [0x0000000028250000,0x0000000028350000],  sp=0x000000002834ed50,  free space=1019k
Native frames: (J=compiled Java code, j=interpreted, Vv=VM code, C=native code)
C  [ntdll.dll+0x4bf1b]
C  [ntdll.dll+0x20ce9]
C  [ntdll.dll+0x20c00]
C  0x00007ffb8f974d44

Java frames: (J=compiled Java code, j=interpreted, Vv=VM code)
j  sun.java2d.d3d.D3DSurfaceData.initOps(III)V+0
j  sun.java2d.d3d.D3DSurfaceData.<init>(Lsun/awt/windows/WComponentPeer;Lsun/java2d/d3d/D3DGraphicsConfig;IILjava/awt/Image;Ljava/awt/image/ColorModel;IILsun/java2d/pipe/hw/ExtendedBufferCapabilities$VSyncType;I)V+76
j  sun.java2d.d3d.D3DSurfaceData.createData(Lsun/awt/windows/WComponentPeer;Ljava/awt/Image;)Lsun/java2d/d3d/D3DSurfaceData;+117
j  sun.java2d.d3d.D3DVolatileSurfaceManager.initAcceleratedSurface()Lsun/java2d/SurfaceData;+59
j  sun.java2d.d3d.D3DVolatileSurfaceManager.restoreAcceleratedSurface()V+62
J 1352 C1 sun.awt.image.VolatileSurfaceManager.validate(Ljava/awt/GraphicsConfiguration;)I (204 bytes) @ 0x00000000054e4534 [0x00000000054e3ee0+0x654]
J 1351 C1 sun.awt.image.SunVolatileImage.validate(Ljava/awt/GraphicsConfiguration;)I (9 bytes) @ 0x00000000054dd304 [0x00000000054dd200+0x104]
J 1468 C1 java.awt.Component$FlipBufferStrategy.revalidate(Z)V (143 bytes) @ 0x0000000005543174 [0x0000000005542c40+0x534]
J 1376 C1 java.awt.Component$FlipBufferStrategy.getDrawGraphics()Ljava/awt/Graphics; (12 bytes) @ 0x00000000054f7f4c [0x00000000054f7d80+0x1cc]
J 1375 C1 processing.awt.PSurfaceAWT.render()V (104 bytes) @ 0x00000000054face4 [0x00000000054fa3c0+0x924]
J 1403 C1 processing.awt.PSurfaceAWT$12.callDraw()V (18 bytes) @ 0x0000000005512de4 [0x0000000005512c80+0x164]
j  processing.core.PSurfaceNone$AnimationThread.run()V+30
v  ~StubRoutines::call_stub

---------------  P R O C E S S  ---------------

Java Threads: ( => current thread )
  0x00000000296c1800 JavaThread "Thread-0" daemon [_thread_in_native, id=15800, stack(0x000000003eb00000,0x000000003ec00000)]
  0x0000000029ad6800 JavaThread "Thread-209" [_thread_blocked, id=18224, stack(0x0000000037aa0000,0x0000000037ba0000)]
  0x0000000029ad3800 JavaThread "Thread-208" [_thread_blocked, id=21036, stack(0x00000000379a0000,0x0000000037aa0000)]
  0x0000000029ad5800 JavaThread "Thread-207" [_thread_blocked, id=6520, stack(0x00000000378a0000,0x00000000379a0000)]
  0x0000000029ace000 JavaThread "Thread-204" [_thread_blocked, id=2116, stack(0x00000000375a0000,0x00000000376a0000)]
  0x0000000029acd800 JavaThread "Thread-203" [_thread_blocked, id=24128, stack(0x00000000374a0000,0x00000000375a0000)]
  0x0000000029ac4000 JavaThread "Thread-200" [_thread_blocked, id=22244, stack(0x00000000371a0000,0x00000000372a0000)]
  0x0000000029ac5000 JavaThread "Thread-199" [_thread_blocked, id=13368, stack(0x00000000370a0000,0x00000000371a0000)]
  0x0000000029ac3800 JavaThread "Thread-196" [_thread_blocked, id=7692, stack(0x0000000036da0000,0x0000000036ea0000)]
  0x0000000029aca800 JavaThread "Thread-195" [_thread_blocked, id=21936, stack(0x0000000036ca0000,0x0000000036da0000)]
  0x0000000029ac7800 JavaThread "Thread-192" [_thread_blocked, id=17732, stack(0x00000000369a0000,0x0000000036aa0000)]
  0x0000000029ac6000 JavaThread "Thread-191" [_thread_blocked, id=21352, stack(0x00000000368a0000,0x00000000369a0000)]
  0x0000000029ac1000 JavaThread "Thread-187" [_thread_blocked, id=24852, stack(0x00000000364a0000,0x00000000365a0000)]
  0x0000000029abf000 JavaThread "Thread-186" [_thread_blocked, id=19504, stack(0x00000000363a0000,0x00000000364a0000)]
  0x0000000029abe000 JavaThread "Thread-183" [_thread_blocked, id=26632, stack(0x00000000360a0000,0x00000000361a0000)]
  0x0000000029abc800 JavaThread "Thread-182" [_thread_blocked, id=11536, stack(0x0000000035fa0000,0x00000000360a0000)]
  0x0000000029abf800 JavaThread "Thread-179" [_thread_blocked, id=8648, stack(0x0000000035ca0000,0x0000000035da0000)]
  0x0000000029abc000 JavaThread "Thread-178" [_thread_blocked, id=24992, stack(0x0000000035ba0000,0x0000000035ca0000)]
  0x0000000020d30000 JavaThread "Thread-175" [_thread_blocked, id=14804, stack(0x00000000358a0000,0x00000000359a0000)]
  0x0000000020d30800 JavaThread "Thread-174" [_thread_blocked, id=25748, stack(0x00000000357a0000,0x00000000358a0000)]
  0x0000000020d2e800 JavaThread "Thread-171" [_thread_blocked, id=27480, stack(0x00000000354a0000,0x00000000355a0000)]
  0x0000000020d27000 JavaThread "Thread-170" [_thread_blocked, id=22032, stack(0x00000000353a0000,0x00000000354a0000)]
  0x0000000020d2c000 JavaThread "Thread-167" [_thread_blocked, id=5692, stack(0x00000000350a0000,0x00000000351a0000)]
  0x0000000020d27800 JavaThread "Thread-166" [_thread_blocked, id=2832, stack(0x0000000034fa0000,0x00000000350a0000)]
  0x0000000020d2b800 JavaThread "Thread-163" [_thread_blocked, id=3316, stack(0x0000000034ca0000,0x0000000034da0000)]
  0x0000000020d24000 JavaThread "Thread-162" [_thread_blocked, id=3832, stack(0x0000000034ba0000,0x0000000034ca0000)]
  0x0000000020d2a000 JavaThread "Thread-159" [_thread_blocked, id=12920, stack(0x00000000348a0000,0x00000000349a0000)]
  0x0000000020d28800 JavaThread "Thread-158" [_thread_blocked, id=616, stack(0x00000000347a0000,0x00000000348a0000)]
  0x0000000020bce800 JavaThread "Thread-155" [_thread_blocked, id=26792, stack(0x00000000344a0000,0x00000000345a0000)]
  0x0000000020bd0800 JavaThread "Thread-154" [_thread_blocked, id=6276, stack(0x00000000343a0000,0x00000000344a0000)]
  0x0000000020bd1800 JavaThread "Thread-151" [_thread_blocked, id=26308, stack(0x00000000340a0000,0x00000000341a0000)]
  0x0000000020bcf000 JavaThread "Thread-150" [_thread_blocked, id=20176, stack(0x0000000033fa0000,0x00000000340a0000)]
  0x0000000020bcc000 JavaThread "Thread-147" [_thread_blocked, id=9880, stack(0x0000000033ca0000,0x0000000033da0000)]
  0x0000000020bcb800 JavaThread "Thread-146" [_thread_blocked, id=8356, stack(0x0000000033ba0000,0x0000000033ca0000)]
  0x0000000020bc7000 JavaThread "Thread-143" [_thread_blocked, id=7720, stack(0x00000000338a0000,0x00000000339a0000)]
  0x0000000020bc5800 JavaThread "Thread-142" [_thread_blocked, id=2588, stack(0x00000000337a0000,0x00000000338a0000)]
  0x0000000020bc7800 JavaThread "Thread-139" [_thread_blocked, id=22660, stack(0x00000000334a0000,0x00000000335a0000)]
  0x0000000020bc4800 JavaThread "Thread-138" [_thread_blocked, id=17460, stack(0x00000000333a0000,0x00000000334a0000)]
  0x0000000029514000 JavaThread "Thread-135" [_thread_blocked, id=2664, stack(0x00000000330a0000,0x00000000331a0000)]
  0x0000000029513800 JavaThread "Thread-134" [_thread_blocked, id=18820, stack(0x0000000032fa0000,0x00000000330a0000)]
  0x0000000029512800 JavaThread "Thread-131" [_thread_blocked, id=15492, stack(0x0000000032ca0000,0x0000000032da0000)]
  0x000000002950f800 JavaThread "Thread-130" [_thread_blocked, id=12080, stack(0x0000000032ba0000,0x0000000032ca0000)]
  0x000000002950f000 JavaThread "Thread-127" [_thread_blocked, id=11712, stack(0x00000000328a0000,0x00000000329a0000)]
  0x000000002950e000 JavaThread "Thread-126" [_thread_blocked, id=592, stack(0x00000000327a0000,0x00000000328a0000)]
  0x000000002950c800 JavaThread "Thread-123" [_thread_blocked, id=1380, stack(0x00000000324a0000,0x00000000325a0000)]
  0x0000000029509800 JavaThread "Thread-122" [_thread_blocked, id=23336, stack(0x00000000323a0000,0x00000000324a0000)]
  0x0000000029505000 JavaThread "Thread-119" [_thread_blocked, id=15352, stack(0x00000000320a0000,0x00000000321a0000)]
  0x000000002950c000 JavaThread "Thread-118" [_thread_blocked, id=16976, stack(0x0000000031fa0000,0x00000000320a0000)]
  0x000000002950b000 JavaThread "Thread-115" [_thread_blocked, id=15756, stack(0x0000000031ca0000,0x0000000031da0000)]
  0x0000000021f6e000 JavaThread "Thread-114" [_thread_blocked, id=15472, stack(0x0000000031ba0000,0x0000000031ca0000)]
  0x0000000021f6b000 JavaThread "Thread-111" [_thread_blocked, id=7576, stack(0x00000000318a0000,0x00000000319a0000)]
  0x0000000021f6d800 JavaThread "Thread-110" [_thread_blocked, id=12752, stack(0x00000000317a0000,0x00000000318a0000)]
  0x0000000021f6a800 JavaThread "Thread-107" [_thread_blocked, id=7324, stack(0x00000000314a0000,0x00000000315a0000)]
  0x0000000021f63000 JavaThread "Thread-106" [_thread_blocked, id=20476, stack(0x00000000313a0000,0x00000000314a0000)]
  0x0000000021f62000 JavaThread "Thread-103" [_thread_blocked, id=1996, stack(0x00000000310a0000,0x00000000311a0000)]
  0x0000000021f67800 JavaThread "Thread-102" [_thread_blocked, id=18024, stack(0x0000000030fa0000,0x00000000310a0000)]
  0x0000000021f66000 JavaThread "Thread-99" [_thread_blocked, id=15860, stack(0x0000000030ca0000,0x0000000030da0000)]
  0x0000000021f68000 JavaThread "Thread-98" [_thread_blocked, id=17484, stack(0x0000000030ba0000,0x0000000030ca0000)]
  0x0000000021f64800 JavaThread "Thread-95" [_thread_blocked, id=25668, stack(0x00000000308a0000,0x00000000309a0000)]
  0x0000000021f60800 JavaThread "Thread-94" [_thread_blocked, id=1708, stack(0x00000000307a0000,0x00000000308a0000)]
  0x0000000029963800 JavaThread "Thread-91" [_thread_blocked, id=4496, stack(0x00000000304a0000,0x00000000305a0000)]
  0x0000000029962000 JavaThread "Thread-90" [_thread_blocked, id=6332, stack(0x00000000303a0000,0x00000000304a0000)]
  0x000000002995a800 JavaThread "Thread-87" [_thread_blocked, id=15204, stack(0x00000000300a0000,0x00000000301a0000)]
  0x0000000029960800 JavaThread "Thread-86" [_thread_blocked, id=628, stack(0x000000002ffa0000,0x00000000300a0000)]
  0x000000002995e800 JavaThread "Thread-83" [_thread_blocked, id=16052, stack(0x000000002fca0000,0x000000002fda0000)]
  0x000000002995d800 JavaThread "Thread-82" [_thread_blocked, id=16280, stack(0x000000002fba0000,0x000000002fca0000)]
  0x0000000029955000 JavaThread "Thread-79" [_thread_blocked, id=2168, stack(0x000000002f8a0000,0x000000002f9a0000)]
  0x0000000029956800 JavaThread "Thread-78" [_thread_blocked, id=19816, stack(0x000000002f7a0000,0x000000002f8a0000)]
  0x0000000029958800 JavaThread "Thread-77" [_thread_blocked, id=24588, stack(0x000000002f6a0000,0x000000002f7a0000)]
  0x000000002995c000 JavaThread "Thread-75" [_thread_blocked, id=696, stack(0x000000002f4a0000,0x000000002f5a0000)]
  0x0000000029957800 JavaThread "Thread-74" [_thread_blocked, id=2908, stack(0x000000002f3a0000,0x000000002f4a0000)]
  0x0000000021cfc800 JavaThread "Thread-22" [_thread_blocked, id=9168, stack(0x000000002bda0000,0x000000002bea0000)]
  0x0000000021d03800 JavaThread "Thread-21" [_thread_blocked, id=3716, stack(0x000000002bca0000,0x000000002bda0000)]
  0x0000000021cfc000 JavaThread "Thread-19" [_thread_blocked, id=24984, stack(0x000000002baa0000,0x000000002bba0000)]
  0x0000000021cf6000 JavaThread "Thread-17" [_thread_blocked, id=21600, stack(0x000000002b8a0000,0x000000002b9a0000)]
  0x0000000021cf9000 JavaThread "Thread-15" [_thread_blocked, id=27588, stack(0x000000002b6a0000,0x000000002b7a0000)]
  0x0000000021cf8000 JavaThread "Thread-13" [_thread_blocked, id=27496, stack(0x000000002b4a0000,0x000000002b5a0000)]
  0x0000000021cf7800 JavaThread "Thread-11" [_thread_blocked, id=7520, stack(0x000000002b2a0000,0x000000002b3a0000)]
  0x0000000021cf9800 JavaThread "Thread-9" [_thread_blocked, id=26276, stack(0x000000002b0a0000,0x000000002b1a0000)]
  0x0000000021bd3800 JavaThread "Thread-7" [_thread_blocked, id=14864, stack(0x000000002aea0000,0x000000002afa0000)]
  0x0000000021bd4800 JavaThread "DestroyJavaVM" [_thread_blocked, id=2560, stack(0x0000000004e00000,0x0000000004f00000)]
  0x0000000021bd2000 JavaThread "Thread-4" [_thread_blocked, id=24084, stack(0x000000002aba0000,0x000000002aca0000)]
  0x0000000021bd6000 JavaThread "Thread-3" [_thread_blocked, id=23116, stack(0x000000002aaa0000,0x000000002aba0000)]
  0x0000000021bd8000 JavaThread "Image Fetcher 0" daemon [_thread_blocked, id=21196, stack(0x000000002a9a0000,0x000000002aaa0000)]
  0x0000000021bd1000 JavaThread "Image Fetcher 3" daemon [_thread_blocked, id=25400, stack(0x000000002a8a0000,0x000000002a9a0000)]
  0x00000000220d8800 JavaThread "Animation Thread" [_thread_blocked, id=14344, stack(0x000000002a7a0000,0x000000002a8a0000)]
  0x0000000022264800 JavaThread "Thread-2" [_thread_blocked, id=18608, stack(0x000000002a580000,0x000000002a680000)]
  0x0000000021d38800 JavaThread "Image Fetcher 1" daemon [_thread_blocked, id=20816, stack(0x0000000028450000,0x0000000028550000)]
=>0x0000000021d32000 JavaThread "Animation Thread" [_thread_in_native, id=15096, stack(0x0000000028250000,0x0000000028350000)]
  0x0000000021cef000 JavaThread "Image Fetcher 2" daemon [_thread_blocked, id=21276, stack(0x0000000027e50000,0x0000000027f50000)]
  0x0000000021ce4000 JavaThread "AWT-EventQueue-0" [_thread_blocked, id=9532, stack(0x0000000027d50000,0x0000000027e50000)]
  0x0000000021c33800 JavaThread "AWT-Shutdown" [_thread_blocked, id=15852, stack(0x00000000224e0000,0x00000000225e0000)]
  0x0000000021c30800 JavaThread "Java2D Disposer" daemon [_thread_blocked, id=16264, stack(0x00000000223e0000,0x00000000224e0000)]
  0x0000000020a6d800 JavaThread "Service Thread" daemon [_thread_blocked, id=20364, stack(0x0000000021590000,0x0000000021690000)]
  0x00000000209da800 JavaThread "C1 CompilerThread3" daemon [_thread_blocked, id=19232, stack(0x0000000021490000,0x0000000021590000)]
  0x00000000209d4800 JavaThread "C2 CompilerThread2" daemon [_thread_blocked, id=11108, stack(0x0000000021390000,0x0000000021490000)]
  0x00000000209cd800 JavaThread "C2 CompilerThread1" daemon [_thread_blocked, id=19300, stack(0x0000000021290000,0x0000000021390000)]
  0x00000000209c9800 JavaThread "C2 CompilerThread0" daemon [_thread_blocked, id=15296, stack(0x0000000021190000,0x0000000021290000)]
  0x00000000209c8000 JavaThread "Attach Listener" daemon [_thread_blocked, id=2424, stack(0x0000000021090000,0x0000000021190000)]
  0x00000000209c7000 JavaThread "Signal Dispatcher" daemon [_thread_blocked, id=24004, stack(0x0000000020f90000,0x0000000021090000)]
  0x0000000005049000 JavaThread "Finalizer" daemon [_thread_blocked, id=8072, stack(0x0000000020da0000,0x0000000020ea0000)]
  0x000000001eabd800 JavaThread "Reference Handler" daemon [_thread_blocked, id=9048, stack(0x00000000208a0000,0x00000000209a0000)]

Other Threads:
  0x000000001eab9000 VMThread [stack: 0x00000000207a0000,0x00000000208a0000] [id=2436]
  0x0000000020a8f000 WatcherThread [stack: 0x0000000021690000,0x0000000021790000] [id=21348]

VM state:not at safepoint (normal execution)

VM Mutex/Monitor currently owned by a thread: None

Heap:
 PSYoungGen      total 316416K, used 82990K [0x000000076b400000, 0x0000000797000000, 0x00000007c0000000)
  eden space 255488K, 17% used [0x000000076b400000,0x000000076df6db28,0x000000077ad80000)
  from space 60928K, 63% used [0x000000077ad80000,0x000000077d31e058,0x000000077e900000)
  to   space 102912K, 0% used [0x0000000790b80000,0x0000000790b80000,0x0000000797000000)
 ParOldGen       total 346112K, used 195923K [0x00000006c1c00000, 0x00000006d6e00000, 0x000000076b400000)
  object space 346112K, 56% used [0x00000006c1c00000,0x00000006cdb54e60,0x00000006d6e00000)
 Metaspace       used 12233K, capacity 12406K, committed 12800K, reserved 1060864K
  class space    used 1332K, capacity 1419K, committed 1536K, reserved 1048576K

Card table byte_map: [0x0000000014410000,0x0000000014c10000] byte_map_base: 0x0000000010e02000

Marking Bits: (ParMarkBitMap*) 0x0000000053b608c0
 Begin Bits: [0x0000000015960000, 0x00000000198f0000)
 End Bits:   [0x00000000198f0000, 0x000000001d880000)

Polling page: 0x0000000003100000

CodeCache: size=245760Kb used=6882Kb max_used=6882Kb free=238877Kb
 bounds [0x0000000005050000, 0x0000000005720000, 0x0000000014050000]
 total_blobs=2544 nmethods=2011 adapters=445
 compilation: enabled

Compilation events (10 events):
Event: 11.904 Thread 0x00000000209da800 2164       3       sun.reflect.ByteVectorImpl::add (38 bytes)
Event: 11.904 Thread 0x00000000209da800 nmethod 2164 0x0000000005706250 code [0x00000000057063c0, 0x00000000057065e8]
Event: 11.904 Thread 0x00000000209da800 2165       3       java.lang.reflect.Modifier::isPublic (12 bytes)
Event: 11.904 Thread 0x00000000209da800 nmethod 2165 0x000000000570a450 code [0x000000000570a5a0, 0x000000000570a730]
Event: 11.904 Thread 0x00000000209da800 2168       3       java.lang.reflect.Method::invoke (62 bytes)
Event: 11.906 Thread 0x00000000209da800 nmethod 2168 0x0000000005700d10 code [0x0000000005700ec0, 0x0000000005701448]
Event: 11.906 Thread 0x00000000209da800 2166       1       java.lang.reflect.Method::getMethodAccessor (5 bytes)
Event: 11.906 Thread 0x00000000209da800 nmethod 2166 0x0000000005705b10 code [0x0000000005705c60, 0x0000000005705d70]
Event: 11.910 Thread 0x00000000209da800 2169   !   3       java.lang.ThreadGroup::remove (94 bytes)
Event: 11.911 Thread 0x00000000209da800 nmethod 2169 0x0000000005700110 code [0x00000000057002c0, 0x00000000057009a8]

GC Heap History (10 events):
Event: 4.981 GC heap before
{Heap before GC invocations=4 (full 0):
 PSYoungGen      total 76288K, used 76251K [0x000000076b400000, 0x0000000774900000, 0x00000007c0000000)
  eden space 65536K, 99% used [0x000000076b400000,0x000000076f3f7c30,0x000000076f400000)
  from space 10752K, 99% used [0x000000076f400000,0x000000076fe7f2c0,0x000000076fe80000)
  to   space 10752K, 0% used [0x0000000773e80000,0x0000000773e80000,0x0000000774900000)
 ParOldGen       total 175104K, used 61412K [0x00000006c1c00000, 0x00000006cc700000, 0x000000076b400000)
  object space 175104K, 35% used [0x00000006c1c00000,0x00000006c57f9010,0x00000006cc700000)
 Metaspace       used 11378K, capacity 11568K, committed 11904K, reserved 1060864K
  class space    used 1279K, capacity 1354K, committed 1408K, reserved 1048576K
Event: 4.989 GC heap after
Heap after GC invocations=4 (full 0):
 PSYoungGen      total 141824K, used 10730K [0x000000076b400000, 0x0000000774900000, 0x00000007c0000000)
  eden space 131072K, 0% used [0x000000076b400000,0x000000076b400000,0x0000000773400000)
  from space 10752K, 99% used [0x0000000773e80000,0x00000007748faa18,0x0000000774900000)
  to   space 10752K, 0% used [0x0000000773400000,0x0000000773400000,0x0000000773e80000)
 ParOldGen       total 175104K, used 83269K [0x00000006c1c00000, 0x00000006cc700000, 0x000000076b400000)
  object space 175104K, 47% used [0x00000006c1c00000,0x00000006c6d516b8,0x00000006cc700000)
 Metaspace       used 11378K, capacity 11568K, committed 11904K, reserved 1060864K
  class space    used 1279K, capacity 1354K, committed 1408K, reserved 1048576K
}
Event: 6.665 GC heap before
{Heap before GC invocations=5 (full 0):
 PSYoungGen      total 141824K, used 141802K [0x000000076b400000, 0x0000000774900000, 0x00000007c0000000)
  eden space 131072K, 100% used [0x000000076b400000,0x0000000773400000,0x0000000773400000)
  from space 10752K, 99% used [0x0000000773e80000,0x00000007748faa18,0x0000000774900000)
  to   space 10752K, 0% used [0x0000000773400000,0x0000000773400000,0x0000000773e80000)
 ParOldGen       total 175104K, used 83269K [0x00000006c1c00000, 0x00000006cc700000, 0x000000076b400000)
  object space 175104K, 47% used [0x00000006c1c00000,0x00000006c6d516b8,0x00000006cc700000)
 Metaspace       used 11469K, capacity 11728K, committed 11904K, reserved 1060864K
  class space    used 1282K, capacity 1386K, committed 1408K, reserved 1048576K
Event: 6.678 GC heap after
Heap after GC invocations=5 (full 0):
 PSYoungGen      total 141824K, used 10751K [0x000000076b400000, 0x0000000781e00000, 0x00000007c0000000)
  eden space 131072K, 0% used [0x000000076b400000,0x000000076b400000,0x0000000773400000)
  from space 10752K, 99% used [0x0000000773400000,0x0000000773e7ff38,0x0000000773e80000)
  to   space 54272K, 0% used [0x000000077e900000,0x000000077e900000,0x0000000781e00000)
 ParOldGen       total 175104K, used 127201K [0x00000006c1c00000, 0x00000006cc700000, 0x000000076b400000)
  object space 175104K, 72% used [0x00000006c1c00000,0x00000006c98384a0,0x00000006cc700000)
 Metaspace       used 11469K, capacity 11728K, committed 11904K, reserved 1060864K
  class space    used 1282K, capacity 1386K, committed 1408K, reserved 1048576K
}
Event: 7.921 GC heap before
{Heap before GC invocations=6 (full 0):
 PSYoungGen      total 141824K, used 141823K [0x000000076b400000, 0x0000000781e00000, 0x00000007c0000000)
  eden space 131072K, 100% used [0x000000076b400000,0x0000000773400000,0x0000000773400000)
  from space 10752K, 99% used [0x0000000773400000,0x0000000773e7ff38,0x0000000773e80000)
  to   space 54272K, 0% used [0x000000077e900000,0x000000077e900000,0x0000000781e00000)
 ParOldGen       total 175104K, used 127201K [0x00000006c1c00000, 0x00000006cc700000, 0x000000076b400000)
  object space 175104K, 72% used [0x00000006c1c00000,0x00000006c98384a0,0x00000006cc700000)
 Metaspace       used 11496K, capacity 11728K, committed 11904K, reserved 1060864K
  class space    used 1283K, capacity 1386K, committed 1408K, reserved 1048576K
Event: 7.933 GC heap after
Heap after GC invocations=6 (full 0):
 PSYoungGen      total 309760K, used 53263K [0x000000076b400000, 0x0000000782b00000, 0x00000007c0000000)
  eden space 255488K, 0% used [0x000000076b400000,0x000000076b400000,0x000000077ad80000)
  from space 54272K, 98% used [0x000000077e900000,0x0000000781d03e30,0x0000000781e00000)
  to   space 60928K, 0% used [0x000000077ad80000,0x000000077ad80000,0x000000077e900000)
 ParOldGen       total 175104K, used 127209K [0x00000006c1c00000, 0x00000006cc700000, 0x000000076b400000)
  object space 175104K, 72% used [0x00000006c1c00000,0x00000006c983a4a0,0x00000006cc700000)
 Metaspace       used 11496K, capacity 11728K, committed 11904K, reserved 1060864K
  class space    used 1283K, capacity 1386K, committed 1408K, reserved 1048576K
}
Event: 11.325 GC heap before
{Heap before GC invocations=7 (full 0):
 PSYoungGen      total 309760K, used 308751K [0x000000076b400000, 0x0000000782b00000, 0x00000007c0000000)
  eden space 255488K, 100% used [0x000000076b400000,0x000000077ad80000,0x000000077ad80000)
  from space 54272K, 98% used [0x000000077e900000,0x0000000781d03e30,0x0000000781e00000)
  to   space 60928K, 0% used [0x000000077ad80000,0x000000077ad80000,0x000000077e900000)
 ParOldGen       total 175104K, used 127209K [0x00000006c1c00000, 0x00000006cc700000, 0x000000076b400000)
  object space 175104K, 72% used [0x00000006c1c00000,0x00000006c983a4a0,0x00000006cc700000)
 Metaspace       used 12151K, capacity 12336K, committed 12544K, reserved 1060864K
  class space    used 1323K, capacity 1418K, committed 1536K, reserved 1048576K
Event: 11.355 GC heap after
Heap after GC invocations=7 (full 0):
 PSYoungGen      total 316416K, used 60921K [0x000000076b400000, 0x0000000797000000, 0x00000007c0000000)
  eden space 255488K, 0% used [0x000000076b400000,0x000000076b400000,0x000000077ad80000)
  from space 60928K, 99% used [0x000000077ad80000,0x000000077e8fe7a0,0x000000077e900000)
  to   space 102912K, 0% used [0x0000000790b80000,0x0000000790b80000,0x0000000797000000)
 ParOldGen       total 196096K, used 195204K [0x00000006c1c00000, 0x00000006cdb80000, 0x000000076b400000)
  object space 196096K, 99% used [0x00000006c1c00000,0x00000006cdaa13d0,0x00000006cdb80000)
 Metaspace       used 12151K, capacity 12336K, committed 12544K, reserved 1060864K
  class space    used 1323K, capacity 1418K, committed 1536K, reserved 1048576K
}
Event: 11.355 GC heap before
{Heap before GC invocations=8 (full 1):
 PSYoungGen      total 316416K, used 60921K [0x000000076b400000, 0x0000000797000000, 0x00000007c0000000)
  eden space 255488K, 0% used [0x000000076b400000,0x000000076b400000,0x000000077ad80000)
  from space 60928K, 99% used [0x000000077ad80000,0x000000077e8fe7a0,0x000000077e900000)
  to   space 102912K, 0% used [0x0000000790b80000,0x0000000790b80000,0x0000000797000000)
 ParOldGen       total 196096K, used 195204K [0x00000006c1c00000, 0x00000006cdb80000, 0x000000076b400000)
  object space 196096K, 99% used [0x00000006c1c00000,0x00000006cdaa13d0,0x00000006cdb80000)
 Metaspace       used 12151K, capacity 12336K, committed 12544K, reserved 1060864K
  class space    used 1323K, capacity 1418K, committed 1536K, reserved 1048576K
Event: 11.399 GC heap after
Heap after GC invocations=8 (full 1):
 PSYoungGen      total 316416K, used 38520K [0x000000076b400000, 0x0000000797000000, 0x00000007c0000000)
  eden space 255488K, 0% used [0x000000076b400000,0x000000076b400000,0x000000077ad80000)
  from space 60928K, 63% used [0x000000077ad80000,0x000000077d31e058,0x000000077e900000)
  to   space 102912K, 0% used [0x0000000790b80000,0x0000000790b80000,0x0000000797000000)
 ParOldGen       total 346112K, used 195923K [0x00000006c1c00000, 0x00000006d6e00000, 0x000000076b400000)
  object space 346112K, 56% used [0x00000006c1c00000,0x00000006cdb54e60,0x00000006d6e00000)
 Metaspace       used 12151K, capacity 12336K, committed 12544K, reserved 1060864K
  class space    used 1323K, capacity 1418K, committed 1536K, reserved 1048576K
}

Deoptimization events (10 events):
Event: 11.906 Thread 0x00000000221aa800 Uncommon trap: reason=unstable_if action=reinterpret pc=0x0000000005320f60 method=gifAnimation.Gif.run()V @ 7
Event: 11.906 Thread 0x00000000221dd800 Uncommon trap: reason=unstable_if action=reinterpret pc=0x00000000052d2a14 method=gifAnimation.Gif.run()V @ 7
Event: 11.906 Thread 0x0000000021cf5000 Uncommon trap: reason=unstable_if action=reinterpret pc=0x00000000052d2a14 method=gifAnimation.Gif.run()V @ 7
Event: 11.906 Thread 0x0000000022109800 Uncommon trap: reason=unstable_if action=reinterpret pc=0x0000000005320f60 method=gifAnimation.Gif.run()V @ 7
Event: 11.906 Thread 0x000000002219c800 Uncommon trap: reason=unstable_if action=reinterpret pc=0x0000000005320f60 method=gifAnimation.Gif.run()V @ 7
Event: 11.906 Thread 0x00000000221a7000 Uncommon trap: reason=unstable_if action=reinterpret pc=0x0000000005320f60 method=gifAnimation.Gif.run()V @ 7
Event: 11.906 Thread 0x0000000022120000 Uncommon trap: reason=unstable_if action=reinterpret pc=0x0000000005320f60 method=gifAnimation.Gif.run()V @ 7
Event: 11.906 Thread 0x00000000221ac000 Uncommon trap: reason=unstable_if action=reinterpret pc=0x0000000005320f60 method=gifAnimation.Gif.run()V @ 7
Event: 11.906 Thread 0x0000000020d2d800 Uncommon trap: reason=unstable_if action=reinterpret pc=0x00000000052d2a14 method=gifAnimation.Gif.run()V @ 7
Event: 11.909 Thread 0x00000000296bd000 Uncommon trap: reason=unstable_if action=reinterpret pc=0x0000000005320f60 method=gifAnimation.Gif.run()V @ 7

Classes redefined (0 events):
No events

Internal exceptions (10 events):
Event: 11.806 Thread 0x0000000021bd1000 Exception <a 'java/lang/InterruptedException': sleep interrupted> (0x000000076d4cdff0) thrown at [C:\re\workspace\8-2-build-windows-amd64-cygwin\jdk8u171\10807\hotspot\src\share\vm\prims\jvm.cpp, line 3225]
Event: 11.806 Thread 0x0000000021bd1000 Exception <a 'java/lang/InterruptedException': sleep interrupted> (0x000000076d4d5128) thrown at [C:\re\workspace\8-2-build-windows-amd64-cygwin\jdk8u171\10807\hotspot\src\share\vm\prims\jvm.cpp, line 3225]
Event: 11.810 Thread 0x0000000021bd8000 Exception <a 'java/lang/InterruptedException': sleep interrupted> (0x000000076cd4e758) thrown at [C:\re\workspace\8-2-build-windows-amd64-cygwin\jdk8u171\10807\hotspot\src\share\vm\prims\jvm.cpp, line 3225]
Event: 11.810 Thread 0x0000000021bd8000 Exception <a 'java/lang/InterruptedException': sleep interrupted> (0x000000076cd55890) thrown at [C:\re\workspace\8-2-build-windows-amd64-cygwin\jdk8u171\10807\hotspot\src\share\vm\prims\jvm.cpp, line 3225]
Event: 11.886 Thread 0x0000000021d38800 Exception <a 'java/lang/InterruptedException': sleep interrupted> (0x000000076d83c5a8) thrown at [C:\re\workspace\8-2-build-windows-amd64-cygwin\jdk8u171\10807\hotspot\src\share\vm\prims\jvm.cpp, line 3225]
Event: 11.886 Thread 0x0000000021d38800 Exception <a 'java/lang/InterruptedException': sleep interrupted> (0x000000076d8436e0) thrown at [C:\re\workspace\8-2-build-windows-amd64-cygwin\jdk8u171\10807\hotspot\src\share\vm\prims\jvm.cpp, line 3225]
Event: 11.890 Thread 0x0000000021cef000 Exception <a 'java/lang/InterruptedException': sleep interrupted> (0x000000076d17af90) thrown at [C:\re\workspace\8-2-build-windows-amd64-cygwin\jdk8u171\10807\hotspot\src\share\vm\prims\jvm.cpp, line 3225]
Event: 11.890 Thread 0x0000000021bd8000 Exception <a 'java/lang/InterruptedException': sleep interrupted> (0x000000076db98688) thrown at [C:\re\workspace\8-2-build-windows-amd64-cygwin\jdk8u171\10807\hotspot\src\share\vm\prims\jvm.cpp, line 3225]
Event: 11.893 Thread 0x0000000021bd1000 Exception <a 'java/lang/InterruptedException': sleep interrupted> (0x000000076d4e58f0) thrown at [C:\re\workspace\8-2-build-windows-amd64-cygwin\jdk8u171\10807\hotspot\src\share\vm\prims\jvm.cpp, line 3225]
Event: 11.893 Thread 0x0000000021bd1000 Exception <a 'java/lang/InterruptedException': sleep interrupted> (0x000000076d4eca28) thrown at [C:\re\workspace\8-2-build-windows-amd64-cygwin\jdk8u171\10807\hotspot\src\share\vm\prims\jvm.cpp, line 3225]

Events (10 events):
Event: 11.912 Thread 0x0000000022120000 Thread exited: 0x0000000022120000
Event: 11.912 Thread 0x0000000022118000 Thread exited: 0x0000000022118000
Event: 11.912 Thread 0x00000000221dc000 Thread exited: 0x00000000221dc000
Event: 11.912 Thread 0x00000000221a3000 Thread exited: 0x00000000221a3000
Event: 11.912 Thread 0x0000000029acf000 Thread exited: 0x0000000029acf000
Event: 11.912 Thread 0x000000002219c800 Thread exited: 0x000000002219c800
Event: 11.912 Thread 0x0000000029475000 Thread exited: 0x0000000029475000
Event: 11.912 Thread 0x0000000022115800 Thread exited: 0x0000000022115800
Event: 11.912 Thread 0x0000000029ad8800 Thread exited: 0x0000000029ad8800
Event: 11.927 Thread 0x0000000021c35000 Thread exited: 0x0000000021c35000


Dynamic libraries:
0x00007ff71da50000 - 0x00007ff71da87000 	C:\Program Files\Java\jre1.8.0_171\bin\javaw.exe
0x00007ffbb6a70000 - 0x00007ffbb6c50000 	C:\WINDOWS\SYSTEM32\ntdll.dll
0x00007ffbb6300000 - 0x00007ffbb63ae000 	C:\WINDOWS\System32\KERNEL32.DLL
0x00007ffbb3860000 - 0x00007ffbb3ac6000 	C:\WINDOWS\System32\KERNELBASE.dll
0x00007ffbb6820000 - 0x00007ffbb68c1000 	C:\WINDOWS\System32\ADVAPI32.dll
0x00007ffbb63b0000 - 0x00007ffbb644d000 	C:\WINDOWS\System32\msvcrt.dll
0x00007ffbb5950000 - 0x00007ffbb59ab000 	C:\WINDOWS\System32\sechost.dll
0x00007ffbb6450000 - 0x00007ffbb656f000 	C:\WINDOWS\System32\RPCRT4.dll
0x00007ffbb59f0000 - 0x00007ffbb5b7f000 	C:\WINDOWS\System32\USER32.dll
0x00007ffbb2e70000 - 0x00007ffbb2e90000 	C:\WINDOWS\System32\win32u.dll
0x00007ffbb6a10000 - 0x00007ffbb6a38000 	C:\WINDOWS\System32\GDI32.dll
0x00007ffbb3ad0000 - 0x00007ffbb3c63000 	C:\WINDOWS\System32\gdi32full.dll
0x00007ffbb3ea0000 - 0x00007ffbb3f3b000 	C:\WINDOWS\System32\msvcp_win.dll
0x00007ffbb3d50000 - 0x00007ffbb3e46000 	C:\WINDOWS\System32\ucrtbase.dll
0x00007ffbab890000 - 0x00007ffbabaf9000 	C:\WINDOWS\WinSxS\amd64_microsoft.windows.common-controls_6595b64144ccf1df_6.0.16299.431_none_15c7d3ee93659e73\COMCTL32.dll
0x00007ffbb5b80000 - 0x00007ffbb5e88000 	C:\WINDOWS\System32\combase.dll
0x00007ffbb3c70000 - 0x00007ffbb3ce2000 	C:\WINDOWS\System32\bcryptPrimitives.dll
0x00007ffbb59c0000 - 0x00007ffbb59ed000 	C:\WINDOWS\System32\IMM32.DLL
0x0000000053c90000 - 0x0000000053d62000 	C:\Program Files\Java\jre1.8.0_171\bin\msvcr100.dll
0x0000000053340000 - 0x0000000053be0000 	C:\Program Files\Java\jre1.8.0_171\bin\server\jvm.dll
0x00007ffbb59b0000 - 0x00007ffbb59b8000 	C:\WINDOWS\System32\PSAPI.DLL
0x00007ffbb0da0000 - 0x00007ffbb0dc3000 	C:\WINDOWS\SYSTEM32\WINMM.dll
0x00007ffba6f40000 - 0x00007ffba6f49000 	C:\WINDOWS\SYSTEM32\WSOCK32.dll
0x00007ffbaef60000 - 0x00007ffbaef6a000 	C:\WINDOWS\SYSTEM32\VERSION.dll
0x00007ffbb5ea0000 - 0x00007ffbb5f0c000 	C:\WINDOWS\System32\WS2_32.dll
0x00007ffbb0d40000 - 0x00007ffbb0d6a000 	C:\WINDOWS\SYSTEM32\WINMMBASE.dll
0x00007ffbb3e50000 - 0x00007ffbb3e9a000 	C:\WINDOWS\System32\cfgmgr32.dll
0x0000000053e50000 - 0x0000000053e5f000 	C:\Program Files\Java\jre1.8.0_171\bin\verify.dll
0x0000000053e20000 - 0x0000000053e49000 	C:\Program Files\Java\jre1.8.0_171\bin\java.dll
0x0000000053e00000 - 0x0000000053e16000 	C:\Program Files\Java\jre1.8.0_171\bin\zip.dll
0x00007ffbb3f50000 - 0x00007ffbb5388000 	C:\WINDOWS\System32\SHELL32.dll
0x00007ffbb57e0000 - 0x00007ffbb5886000 	C:\WINDOWS\System32\shcore.dll
0x00007ffbb3110000 - 0x00007ffbb3857000 	C:\WINDOWS\System32\windows.storage.dll
0x00007ffbb58f0000 - 0x00007ffbb5941000 	C:\WINDOWS\System32\shlwapi.dll
0x00007ffbb2e50000 - 0x00007ffbb2e61000 	C:\WINDOWS\System32\kernel.appcore.dll
0x00007ffbb2dc0000 - 0x00007ffbb2e0c000 	C:\WINDOWS\System32\powrprof.dll
0x00007ffbb2e30000 - 0x00007ffbb2e4b000 	C:\WINDOWS\System32\profapi.dll
0x00000000531a0000 - 0x0000000053338000 	C:\Program Files\Java\jre1.8.0_171\bin\awt.dll
0x00007ffbb5f10000 - 0x00007ffbb5fd5000 	C:\WINDOWS\System32\OLEAUT32.dll
0x00007ffbb1270000 - 0x00007ffbb12f8000 	C:\WINDOWS\SYSTEM32\apphelp.dll
0x00007ffbb1660000 - 0x00007ffbb168a000 	C:\WINDOWS\system32\DWMAPI.DLL
0x00007ffbb13f0000 - 0x00007ffbb1485000 	C:\WINDOWS\system32\uxtheme.dll
0x00007ffba3ea0000 - 0x00007ffba3fbe000 	C:\WINDOWS\system32\opengl32.dll
0x00007ffba90f0000 - 0x00007ffba911c000 	C:\WINDOWS\SYSTEM32\GLU32.dll
0x00007ffbb6130000 - 0x00007ffbb6297000 	C:\WINDOWS\System32\MSCTF.dll
0x00007ffbb5fe0000 - 0x00007ffbb6129000 	C:\WINDOWS\System32\ole32.dll
0x00007ffbb2f40000 - 0x00007ffbb310e000 	C:\WINDOWS\System32\crypt32.dll
0x00007ffbb2e10000 - 0x00007ffbb2e22000 	C:\WINDOWS\System32\MSASN1.dll
0x00007ffbb3cf0000 - 0x00007ffbb3d48000 	C:\WINDOWS\System32\WINTRUST.DLL
0x00007ffbb69f0000 - 0x00007ffbb6a0d000 	C:\WINDOWS\System32\imagehlp.dll
0x00007ffbb2810000 - 0x00007ffbb2827000 	C:\WINDOWS\SYSTEM32\CRYPTSP.dll
0x00007ffbb2250000 - 0x00007ffbb2283000 	C:\WINDOWS\system32\rsaenh.dll
0x00007ffbb2920000 - 0x00007ffbb2945000 	C:\WINDOWS\SYSTEM32\bcrypt.dll
0x00007ffbb2830000 - 0x00007ffbb283b000 	C:\WINDOWS\SYSTEM32\CRYPTBASE.dll
0x00007ffbaa0d0000 - 0x00007ffbaa1bb000 	C:\Program Files (x86)\NVIDIA Corporation\3D Vision\nvSCPAPI64.dll
0x00007ffbb5390000 - 0x00007ffbb57de000 	C:\WINDOWS\System32\SETUPAPI.dll
0x0000000053c40000 - 0x0000000053c87000 	C:\Program Files\Java\jre1.8.0_171\bin\fontmanager.dll
0x00007ffba12c0000 - 0x00007ffba1358000 	C:\WINDOWS\System32\TextInputFramework.dll
0x00007ffbad8a0000 - 0x00007ffbadb8e000 	C:\WINDOWS\System32\CoreUIComponents.dll
0x00007ffbb0ae0000 - 0x00007ffbb0bbc000 	C:\WINDOWS\System32\CoreMessaging.dll
0x00007ffbb1ef0000 - 0x00007ffbb1f21000 	C:\WINDOWS\SYSTEM32\ntmarta.dll
0x00007ffbaf1b0000 - 0x00007ffbaf2e6000 	C:\WINDOWS\SYSTEM32\wintypes.dll
0x0000000053de0000 - 0x0000000053dfa000 	C:\Program Files\Java\jre1.8.0_171\bin\net.dll
0x00007ffbb2650000 - 0x00007ffbb26b6000 	C:\WINDOWS\system32\mswsock.dll
0x0000000053dc0000 - 0x0000000053dd1000 	C:\Program Files\Java\jre1.8.0_171\bin\nio.dll
0x0000000053150000 - 0x0000000053192000 	C:\Program Files\Java\jre1.8.0_171\bin\t2k.dll
0x0000000053c10000 - 0x0000000053c3a000 	C:\Program Files\Java\jre1.8.0_171\bin\dcpr.dll
0x00007ffba3650000 - 0x00007ffba3818000 	C:\WINDOWS\SYSTEM32\dbghelp.dll

VM Arguments:
jvm_args: -Dfile.encoding=Cp1252 
java_command: Main
java_class_path (initial): C:\Program Files\Java\jre1.8.0_171\lib\resources.jar;C:\Program Files\Java\jre1.8.0_171\lib\rt.jar;C:\Program Files\Java\jre1.8.0_171\lib\jsse.jar;C:\Program Files\Java\jre1.8.0_171\lib\jce.jar;C:\Program Files\Java\jre1.8.0_171\lib\charsets.jar;C:\Program Files\Java\jre1.8.0_171\lib\jfr.jar;C:\Program Files\Java\jre1.8.0_171\lib\ext\access-bridge-64.jar;C:\Program Files\Java\jre1.8.0_171\lib\ext\cldrdata.jar;C:\Program Files\Java\jre1.8.0_171\lib\ext\dnsns.jar;C:\Program Files\Java\jre1.8.0_171\lib\ext\jaccess.jar;C:\Program Files\Java\jre1.8.0_171\lib\ext\jfxrt.jar;C:\Program Files\Java\jre1.8.0_171\lib\ext\localedata.jar;C:\Program Files\Java\jre1.8.0_171\lib\ext\nashorn.jar;C:\Program Files\Java\jre1.8.0_171\lib\ext\sunec.jar;C:\Program Files\Java\jre1.8.0_171\lib\ext\sunjce_provider.jar;C:\Program Files\Java\jre1.8.0_171\lib\ext\sunmscapi.jar;C:\Program Files\Java\jre1.8.0_171\lib\ext\sunpkcs11.jar;C:\Program Files\Java\jre1.8.0_171\lib\ext\zipfs.jar;C:\Users\Darren\git\KingOfTheSkies\bin;C:\Users\Darren\git\KingOfTheSkies\core.jar;C:\Users\Darren\git\KingOfTheSkies\GifAnimation.jar
Launcher Type: SUN_STANDARD

Environment Variables:
PATH=C:/Program Files/Java/jre1.8.0_171/bin/server;C:/Program Files/Java/jre1.8.0_171/bin;C:/Program Files/Java/jre1.8.0_171/lib/amd64;C:\Program Files (x86)\Common Files\Oracle\Java\javapath;C:\ProgramData\Oracle\Java\javapath;C:\Program Files (x86)\Intel\iCLS Client\;C:\Program Files\Intel\iCLS Client\;C:\Windows\system32;C:\Windows;C:\Windows\System32\Wbem;C:\Windows\System32\WindowsPowerShell\v1.0\;C:\Program Files\Intel\Intel(R) Management Engine Components\DAL;C:\Program Files\Intel\Intel(R) Management Engine Components\IPT;C:\Program Files (x86)\Intel\Intel(R) Management Engine Components\DAL;C:\Program Files (x86)\Intel\Intel(R) Management Engine Components\IPT;C:\Program Files (x86)\Intel\OpenCL SDK\3.0\bin\x86;C:\Program Files (x86)\Intel\OpenCL SDK\3.0\bin\x64;C:\Program Files (x86)\IVI Foundation\VISA\WinNT\Bin;C:\Program Files (x86)\NVIDIA Corporation\PhysX\Common;C:\WINDOWS\system32;C:\WINDOWS;C:\WINDOWS\System32\Wbem;C:\WINDOWS\System32\WindowsPowerShell\v1.0\;C:\Program Files (x86)\Skype\Phone\;C:\Program Files\Java\jdk1.8.0_144\bin;%USERPROFILE%\AppData\Local\Microsoft\WindowsApps;;C:\WINDOWS\System32;
USERNAME=Darren
OS=Windows_NT
PROCESSOR_IDENTIFIER=Intel64 Family 6 Model 60 Stepping 3, GenuineIntel



---------------  S Y S T E M  ---------------

OS: Windows 10.0 , 64 bit Build 16299 (10.0.16299.431)

CPU:total 8 (initial active 8) (4 cores per cpu, 2 threads per core) family 6 model 60 stepping 3, cmov, cx8, fxsr, mmx, sse, sse2, sse3, ssse3, sse4.1, sse4.2, popcnt, avx, avx2, aes, clmul, erms, lzcnt, ht, tsc, tscinvbit, bmi1, bmi2

Memory: 4k page, physical 16658844k(12358556k free), swap 19149212k(13755304k free)

vm_info: Java HotSpot(TM) 64-Bit Server VM (25.171-b11) for windows-amd64 JRE (1.8.0_171-b11), built on Mar 28 2018 16:06:12 by "java_re" with MS VC++ 10.0 (VS2010)

time: Sun May 20 19:28:53 2018
elapsed time: 12 seconds (0d 0h 0m 12s)

